{"/Users/jacobevans/coding-projects/OSS/unimported/src/config.ts": {"path":"/Users/jacobevans/coding-projects/OSS/unimported/src/config.ts","statementMap":{"0":{"start":{"line":2,"column":0},"end":{"line":2,"column":43}},"1":{"start":{"line":18,"column":4},"end":{"line":18,"column":48}},"2":{"start":{"line":20,"column":2},"end":{"line":27,"column":4}},"3":{"start":{"line":16,"column":0},"end":{"line":16,"column":22}},"4":{"start":{"line":31,"column":17},"end":{"line":31,"column":25}},"5":{"start":{"line":32,"column":2},"end":{"line":32,"column":16}},"6":{"start":{"line":33,"column":2},"end":{"line":33,"column":16}},"7":{"start":{"line":37,"column":2},"end":{"line":37,"column":56}},"8":{"start":{"line":44,"column":14},"end":{"line":44,"column":55}},"9":{"start":{"line":45,"column":2},"end":{"line":45,"column":45}},"10":{"start":{"line":40,"column":0},"end":{"line":40,"column":22}},"11":{"start":{"line":52,"column":14},"end":{"line":52,"column":28}},"12":{"start":{"line":54,"column":2},"end":{"line":61,"column":4}},"13":{"start":{"line":48,"column":0},"end":{"line":48,"column":22}}},"fnMap":{"0":{"name":"getConfig","decl":{"start":{"line":16,"column":22},"end":{"line":16,"column":31}},"loc":{"start":{"line":16,"column":31},"end":{"line":28,"column":null}}},"1":{"name":"sort","decl":{"start":{"line":30,"column":9},"end":{"line":30,"column":13}},"loc":{"start":{"line":30,"column":17},"end":{"line":34,"column":1}}},"2":{"name":"merge","decl":{"start":{"line":36,"column":9},"end":{"line":36,"column":14}},"loc":{"start":{"line":36,"column":26},"end":{"line":38,"column":1}}},"3":{"name":"writeConfig","decl":{"start":{"line":40,"column":22},"end":{"line":40,"column":33}},"loc":{"start":{"line":42,"column":18},"end":{"line":46,"column":null}}},"4":{"name":"updateAllowLists","decl":{"start":{"line":48,"column":22},"end":{"line":48,"column":38}},"loc":{"start":{"line":50,"column":18},"end":{"line":62,"column":null}}}},"branchMap":{"0":{"loc":{"start":{"line":18,"column":5},"end":{"line":18,"column":41}},"type":"binary-expr","locations":[{"start":{"line":18,"column":5},"end":{"line":18,"column":41}},{"start":{"line":18,"column":46},"end":{"line":18,"column":48}}]}},"s":{"0":0,"1":0,"2":0,"3":0,"4":0,"5":0,"6":0,"7":0,"8":0,"9":0,"10":0,"11":0,"12":0,"13":0},"f":{"0":0,"1":0,"2":0,"3":0,"4":0},"b":{"0":[0,0]}}
,"/Users/jacobevans/coding-projects/OSS/unimported/src/ensureArray.ts": {"path":"/Users/jacobevans/coding-projects/OSS/unimported/src/ensureArray.ts","statementMap":{"0":{"start":{"line":2,"column":2},"end":{"line":2,"column":48}},"1":{"start":{"line":1,"column":0},"end":{"line":1,"column":16}}},"fnMap":{"0":{"name":"ensureArray","decl":{"start":{"line":1,"column":16},"end":{"line":1,"column":27}},"loc":{"start":{"line":1,"column":57},"end":{"line":3,"column":1}}}},"branchMap":{"0":{"loc":{"start":{"line":2,"column":32},"end":{"line":2,"column":37}},"type":"cond-expr","locations":[{"start":{"line":2,"column":32},"end":{"line":2,"column":37}},{"start":{"line":2,"column":40},"end":{"line":2,"column":47}}]}},"s":{"0":6,"1":1},"f":{"0":6},"b":{"0":[3,3]}}
,"/Users/jacobevans/coding-projects/OSS/unimported/src/fs.ts": {"path":"/Users/jacobevans/coding-projects/OSS/unimported/src/fs.ts","statementMap":{"0":{"start":{"line":1,"column":0},"end":{"line":1,"column":20}},"1":{"start":{"line":2,"column":0},"end":{"line":2,"column":28}},"2":{"start":{"line":3,"column":0},"end":{"line":3,"column":53}},"3":{"start":{"line":4,"column":0},"end":{"line":4,"column":24}},"4":{"start":{"line":6,"column":18},"end":{"line":6,"column":38}},"5":{"start":{"line":7,"column":22},"end":{"line":7,"column":49}},"6":{"start":{"line":8,"column":23},"end":{"line":8,"column":51}},"7":{"start":{"line":9,"column":20},"end":{"line":9,"column":45}},"8":{"start":{"line":12,"column":2},"end":{"line":12,"column":38}},"9":{"start":{"line":11,"column":0},"end":{"line":11,"column":22}},"10":{"start":{"line":16,"column":2},"end":{"line":20,"column":null}},"11":{"start":{"line":17,"column":4},"end":{"line":17,"column":64}},"12":{"start":{"line":19,"column":4},"end":{"line":19,"column":14}},"13":{"start":{"line":15,"column":0},"end":{"line":15,"column":22}},"14":{"start":{"line":28,"column":2},"end":{"line":32,"column":null}},"15":{"start":{"line":29,"column":4},"end":{"line":29,"column":71}},"16":{"start":{"line":31,"column":4},"end":{"line":31,"column":11}},"17":{"start":{"line":23,"column":0},"end":{"line":23,"column":22}},"18":{"start":{"line":39,"column":2},"end":{"line":43,"column":null}},"19":{"start":{"line":40,"column":4},"end":{"line":40,"column":49}},"20":{"start":{"line":42,"column":4},"end":{"line":42,"column":16}},"21":{"start":{"line":35,"column":0},"end":{"line":35,"column":22}},"22":{"start":{"line":51,"column":2},"end":{"line":56,"column":null}},"23":{"start":{"line":52,"column":17},"end":{"line":52,"column":49}},"24":{"start":{"line":53,"column":4},"end":{"line":53,"column":38}},"25":{"start":{"line":55,"column":4},"end":{"line":55,"column":11}},"26":{"start":{"line":46,"column":0},"end":{"line":46,"column":22}},"27":{"start":{"line":68,"column":41},"end":{"line":68,"column":48}},"28":{"start":{"line":68,"column":22},"end":{"line":68,"column":41}},"29":{"start":{"line":71,"column":22},"end":{"line":73,"column":13}},"30":{"start":{"line":72,"column":43},"end":{"line":72,"column":63}},"31":{"start":{"line":75,"column":2},"end":{"line":79,"column":5}},"32":{"start":{"line":63,"column":0},"end":{"line":63,"column":22}}},"fnMap":{"0":{"name":"exists","decl":{"start":{"line":11,"column":22},"end":{"line":11,"column":28}},"loc":{"start":{"line":11,"column":51},"end":{"line":13,"column":null}}},"1":{"name":"readText","decl":{"start":{"line":15,"column":22},"end":{"line":15,"column":30}},"loc":{"start":{"line":15,"column":53},"end":{"line":21,"column":null}}},"2":{"name":"writeText","decl":{"start":{"line":23,"column":22},"end":{"line":23,"column":31}},"loc":{"start":{"line":26,"column":10},"end":{"line":33,"column":null}}},"3":{"name":"readJson","decl":{"start":{"line":35,"column":22},"end":{"line":35,"column":30}},"loc":{"start":{"line":37,"column":11},"end":{"line":44,"column":null}}},"4":{"name":"writeJson","decl":{"start":{"line":46,"column":22},"end":{"line":46,"column":31}},"loc":{"start":{"line":49,"column":11},"end":{"line":57,"column":null}}},"5":{"name":"list","decl":{"start":{"line":63,"column":22},"end":{"line":63,"column":26}},"loc":{"start":{"line":66,"column":27},"end":{"line":86,"column":null}}},"6":{"name":"(anonymous_21)","decl":{"start":{"line":72,"column":36},"end":{"line":72,"column":37}},"loc":{"start":{"line":72,"column":43},"end":{"line":72,"column":63}}}},"branchMap":{"0":{"loc":{"start":{"line":11,"column":49},"end":{"line":11,"column":51}},"type":"default-arg","locations":[{"start":{"line":11,"column":49},"end":{"line":11,"column":51}}]},"1":{"loc":{"start":{"line":15,"column":51},"end":{"line":15,"column":53}},"type":"default-arg","locations":[{"start":{"line":15,"column":51},"end":{"line":15,"column":53}}]},"2":{"loc":{"start":{"line":26,"column":8},"end":{"line":26,"column":10}},"type":"default-arg","locations":[{"start":{"line":26,"column":8},"end":{"line":26,"column":10}}]},"3":{"loc":{"start":{"line":37,"column":8},"end":{"line":37,"column":11}},"type":"default-arg","locations":[{"start":{"line":37,"column":8},"end":{"line":37,"column":11}}]},"4":{"loc":{"start":{"line":49,"column":8},"end":{"line":49,"column":11}},"type":"default-arg","locations":[{"start":{"line":49,"column":8},"end":{"line":49,"column":11}}]},"5":{"loc":{"start":{"line":64,"column":12},"end":{"line":64,"column":18}},"type":"default-arg","locations":[{"start":{"line":64,"column":12},"end":{"line":64,"column":18}}]},"6":{"loc":{"start":{"line":65,"column":8},"end":{"line":65,"column":11}},"type":"default-arg","locations":[{"start":{"line":65,"column":8},"end":{"line":65,"column":11}}]},"7":{"loc":{"start":{"line":66,"column":25},"end":{"line":66,"column":27}},"type":"default-arg","locations":[{"start":{"line":66,"column":25},"end":{"line":66,"column":27}}]},"8":{"loc":{"start":{"line":72,"column":6},"end":{"line":72,"column":77}},"type":"cond-expr","locations":[{"start":{"line":72,"column":6},"end":{"line":72,"column":77}},{"start":{"line":73,"column":6},"end":{"line":73,"column":13}}]}},"s":{"0":0,"1":0,"2":0,"3":0,"4":0,"5":0,"6":0,"7":0,"8":0,"9":0,"10":0,"11":0,"12":0,"13":0,"14":0,"15":0,"16":0,"17":0,"18":0,"19":0,"20":0,"21":0,"22":0,"23":0,"24":0,"25":0,"26":0,"27":0,"28":0,"29":0,"30":0,"31":0,"32":0},"f":{"0":0,"1":0,"2":0,"3":0,"4":0,"5":0,"6":0},"b":{"0":[0],"1":[0],"2":[0],"3":[0],"4":[0],"5":[0],"6":[0],"7":[0],"8":[0,0]}}
,"/Users/jacobevans/coding-projects/OSS/unimported/src/index.ts": {"path":"/Users/jacobevans/coding-projects/OSS/unimported/src/index.ts","statementMap":{"0":{"start":{"line":1,"column":0},"end":{"line":1,"column":27}},"1":{"start":{"line":3,"column":0},"end":{"line":3,"column":28}},"2":{"start":{"line":4,"column":0},"end":{"line":4,"column":22}},"3":{"start":{"line":5,"column":0},"end":{"line":5,"column":39}},"4":{"start":{"line":6,"column":0},"end":{"line":6,"column":31}},"5":{"start":{"line":7,"column":0},"end":{"line":7,"column":38}},"6":{"start":{"line":8,"column":0},"end":{"line":8,"column":26}},"7":{"start":{"line":9,"column":0},"end":{"line":9,"column":32}},"8":{"start":{"line":10,"column":0},"end":{"line":10,"column":41}},"9":{"start":{"line":12,"column":0},"end":{"line":12,"column":43}},"10":{"start":{"line":13,"column":0},"end":{"line":13,"column":null}},"11":{"start":{"line":61,"column":18},"end":{"line":61,"column":45}},"12":{"start":{"line":62,"column":14},"end":{"line":62,"column":27}},"13":{"start":{"line":64,"column":2},"end":{"line":160,"column":null}},"14":{"start":{"line":65,"column":19},"end":{"line":65,"column":36}},"15":{"start":{"line":66,"column":4},"end":{"line":66,"column":41}},"16":{"start":{"line":68,"column":60},"end":{"line":73,"column":6}},"17":{"start":{"line":75,"column":24},"end":{"line":77,"column":null}},"18":{"start":{"line":80,"column":4},"end":{"line":82,"column":null}},"19":{"start":{"line":81,"column":6},"end":{"line":81,"column":53}},"20":{"start":{"line":84,"column":25},"end":{"line":84,"column":70}},"21":{"start":{"line":86,"column":17},"end":{"line":98,"column":null}},"22":{"start":{"line":101,"column":4},"end":{"line":115,"column":37}},"23":{"start":{"line":117,"column":4},"end":{"line":121,"column":null}},"24":{"start":{"line":118,"column":6},"end":{"line":118,"column":69}},"25":{"start":{"line":119,"column":6},"end":{"line":119,"column":21}},"26":{"start":{"line":120,"column":6},"end":{"line":120,"column":22}},"27":{"start":{"line":124,"column":4},"end":{"line":124,"column":72}},"28":{"start":{"line":125,"column":4},"end":{"line":125,"column":39}},"29":{"start":{"line":126,"column":27},"end":{"line":126,"column":65}},"30":{"start":{"line":127,"column":4},"end":{"line":127,"column":69}},"31":{"start":{"line":130,"column":4},"end":{"line":130,"column":46}},"32":{"start":{"line":131,"column":20},"end":{"line":131,"column":74}},"33":{"start":{"line":132,"column":18},"end":{"line":135,"column":6}},"34":{"start":{"line":137,"column":4},"end":{"line":137,"column":37}},"35":{"start":{"line":138,"column":4},"end":{"line":138,"column":19}},"36":{"start":{"line":140,"column":19},"end":{"line":140,"column":71}},"37":{"start":{"line":142,"column":4},"end":{"line":148,"column":null}},"38":{"start":{"line":143,"column":6},"end":{"line":143,"column":46}},"39":{"start":{"line":145,"column":6},"end":{"line":145,"column":22}},"40":{"start":{"line":147,"column":6},"end":{"line":147,"column":36}},"41":{"start":{"line":152,"column":4},"end":{"line":154,"column":null}},"42":{"start":{"line":153,"column":6},"end":{"line":153,"column":22}},"43":{"start":{"line":156,"column":4},"end":{"line":156,"column":19}},"44":{"start":{"line":157,"column":4},"end":{"line":157,"column":68}},"45":{"start":{"line":158,"column":4},"end":{"line":158,"column":25}},"46":{"start":{"line":159,"column":4},"end":{"line":159,"column":20}},"47":{"start":{"line":169,"column":0},"end":{"line":202,"column":15}},"48":{"start":{"line":176,"column":6},"end":{"line":180,"column":9}},"49":{"start":{"line":182,"column":6},"end":{"line":186,"column":9}},"50":{"start":{"line":188,"column":6},"end":{"line":192,"column":9}},"51":{"start":{"line":195,"column":6},"end":{"line":199,"column":9}}},"fnMap":{"0":{"name":"main","decl":{"start":{"line":60,"column":15},"end":{"line":60,"column":19}},"loc":{"start":{"line":60,"column":38},"end":{"line":161,"column":null}}},"1":{"name":"(anonymous_11)","decl":{"start":{"line":175,"column":4},"end":{"line":175,"column":5}},"loc":{"start":{"line":175,"column":14},"end":{"line":193,"column":5}}},"2":{"name":"(anonymous_12)","decl":{"start":{"line":194,"column":4},"end":{"line":194,"column":14}},"loc":{"start":{"line":194,"column":43},"end":{"line":200,"column":5}}}},"branchMap":{"0":{"loc":{"start":{"line":66,"column":27},"end":{"line":66,"column":31}},"type":"cond-expr","locations":[{"start":{"line":66,"column":27},"end":{"line":66,"column":31}},{"start":{"line":66,"column":31},"end":{"line":66,"column":40}}]},"1":{"loc":{"start":{"line":66,"column":13},"end":{"line":66,"column":31}},"type":"binary-expr","locations":[{"start":{"line":66,"column":13},"end":{"line":66,"column":31}},{"start":{"line":66,"column":27},"end":{"line":66,"column":31}}]},"2":{"loc":{"start":{"line":80,"column":4},"end":{"line":82,"column":null}},"type":"if","locations":[{"start":{"line":80,"column":4},"end":{"line":82,"column":null}},{"start":{"line":80,"column":4},"end":{"line":82,"column":null}}]},"3":{"loc":{"start":{"line":84,"column":50},"end":{"line":84,"column":54}},"type":"cond-expr","locations":[{"start":{"line":84,"column":50},"end":{"line":84,"column":54}},{"start":{"line":84,"column":54},"end":{"line":84,"column":70}}]},"4":{"loc":{"start":{"line":84,"column":25},"end":{"line":84,"column":54}},"type":"binary-expr","locations":[{"start":{"line":84,"column":25},"end":{"line":84,"column":54}},{"start":{"line":84,"column":50},"end":{"line":84,"column":54}}]},"5":{"loc":{"start":{"line":93,"column":18},"end":{"line":93,"column":35}},"type":"binary-expr","locations":[{"start":{"line":93,"column":18},"end":{"line":93,"column":35}},{"start":{"line":93,"column":39},"end":{"line":93,"column":69}}]},"6":{"loc":{"start":{"line":102,"column":6},"end":{"line":102,"column":27}},"type":"binary-expr","locations":[{"start":{"line":102,"column":6},"end":{"line":102,"column":27}},{"start":{"line":103,"column":7},"end":{"line":115,"column":36}}]},"7":{"loc":{"start":{"line":113,"column":12},"end":{"line":113,"column":66}},"type":"cond-expr","locations":[{"start":{"line":113,"column":12},"end":{"line":113,"column":66}},{"start":{"line":114,"column":12},"end":{"line":114,"column":14}}]},"8":{"loc":{"start":{"line":117,"column":4},"end":{"line":121,"column":null}},"type":"if","locations":[{"start":{"line":117,"column":4},"end":{"line":121,"column":null}},{"start":{"line":117,"column":4},"end":{"line":121,"column":null}}]},"9":{"loc":{"start":{"line":124,"column":20},"end":{"line":124,"column":32}},"type":"binary-expr","locations":[{"start":{"line":124,"column":20},"end":{"line":124,"column":32}},{"start":{"line":124,"column":37},"end":{"line":124,"column":70}}]},"10":{"loc":{"start":{"line":131,"column":52},"end":{"line":131,"column":68}},"type":"cond-expr","locations":[{"start":{"line":131,"column":52},"end":{"line":131,"column":68}},{"start":{"line":131,"column":71},"end":{"line":131,"column":74}}]},"11":{"loc":{"start":{"line":142,"column":4},"end":{"line":148,"column":null}},"type":"if","locations":[{"start":{"line":142,"column":4},"end":{"line":148,"column":null}},{"start":{"line":142,"column":4},"end":{"line":148,"column":null}}]},"12":{"loc":{"start":{"line":152,"column":4},"end":{"line":154,"column":null}},"type":"if","locations":[{"start":{"line":152,"column":4},"end":{"line":154,"column":null}},{"start":{"line":152,"column":4},"end":{"line":154,"column":null}}]}},"s":{"0":0,"1":0,"2":0,"3":0,"4":0,"5":0,"6":0,"7":0,"8":0,"9":0,"10":0,"11":0,"12":0,"13":0,"14":0,"15":0,"16":0,"17":0,"18":0,"19":0,"20":0,"21":0,"22":0,"23":0,"24":0,"25":0,"26":0,"27":0,"28":0,"29":0,"30":0,"31":0,"32":0,"33":0,"34":0,"35":0,"36":0,"37":0,"38":0,"39":0,"40":0,"41":0,"42":0,"43":0,"44":0,"45":0,"46":0,"47":0,"48":0,"49":0,"50":0,"51":0},"f":{"0":0,"1":0,"2":0},"b":{"0":[0,0],"1":[0,0],"2":[0,0],"3":[0,0],"4":[0,0],"5":[0,0],"6":[0,0],"7":[0,0],"8":[0,0],"9":[0,0],"10":[0,0],"11":[0,0],"12":[0,0]}}
,"/Users/jacobevans/coding-projects/OSS/unimported/src/meta.ts": {"path":"/Users/jacobevans/coding-projects/OSS/unimported/src/meta.ts","statementMap":{"0":{"start":{"line":1,"column":0},"end":{"line":1,"column":27}},"1":{"start":{"line":2,"column":0},"end":{"line":2,"column":28}},"2":{"start":{"line":3,"column":0},"end":{"line":3,"column":44}},"3":{"start":{"line":5,"column":0},"end":{"line":5,"column":43}},"4":{"start":{"line":10,"column":2},"end":{"line":12,"column":null}},"5":{"start":{"line":11,"column":4},"end":{"line":11,"column":20}},"6":{"start":{"line":14,"column":2},"end":{"line":14,"column":16}},"7":{"start":{"line":7,"column":0},"end":{"line":7,"column":22}},"8":{"start":{"line":20,"column":34},"end":{"line":23,"column":4}},"9":{"start":{"line":25,"column":18},"end":{"line":25,"column":20}},"10":{"start":{"line":28,"column":2},"end":{"line":28,"column":37}},"11":{"start":{"line":31,"column":2},"end":{"line":37,"column":null}},"12":{"start":{"line":32,"column":17},"end":{"line":32,"column":41}},"13":{"start":{"line":33,"column":21},"end":{"line":33,"column":67}},"14":{"start":{"line":34,"column":4},"end":{"line":36,"column":null}},"15":{"start":{"line":35,"column":6},"end":{"line":35,"column":43}},"16":{"start":{"line":40,"column":2},"end":{"line":52,"column":null}},"17":{"start":{"line":41,"column":17},"end":{"line":41,"column":75}},"18":{"start":{"line":46,"column":4},"end":{"line":51,"column":null}},"19":{"start":{"line":47,"column":20},"end":{"line":47,"column":42}},"20":{"start":{"line":48,"column":6},"end":{"line":50,"column":53}},"21":{"start":{"line":50,"column":19},"end":{"line":50,"column":51}},"22":{"start":{"line":54,"column":2},"end":{"line":54,"column":17}},"23":{"start":{"line":17,"column":0},"end":{"line":17,"column":22}},"24":{"start":{"line":60,"column":22},"end":{"line":62,"column":null}},"25":{"start":{"line":65,"column":2},"end":{"line":67,"column":null}},"26":{"start":{"line":66,"column":4},"end":{"line":66,"column":14}},"27":{"start":{"line":69,"column":2},"end":{"line":69,"column":40}},"28":{"start":{"line":57,"column":0},"end":{"line":57,"column":22}},"29":{"start":{"line":75,"column":22},"end":{"line":77,"column":null}},"30":{"start":{"line":80,"column":2},"end":{"line":82,"column":null}},"31":{"start":{"line":81,"column":4},"end":{"line":81,"column":14}},"32":{"start":{"line":84,"column":27},"end":{"line":84,"column":29}},"33":{"start":{"line":86,"column":2},"end":{"line":92,"column":null}},"34":{"start":{"line":87,"column":17},"end":{"line":89,"column":null}},"35":{"start":{"line":91,"column":4},"end":{"line":91,"column":60}},"36":{"start":{"line":94,"column":2},"end":{"line":94,"column":26}},"37":{"start":{"line":72,"column":0},"end":{"line":72,"column":22}},"38":{"start":{"line":98,"column":2},"end":{"line":98,"column":35}},"39":{"start":{"line":105,"column":22},"end":{"line":107,"column":null}},"40":{"start":{"line":110,"column":2},"end":{"line":112,"column":null}},"41":{"start":{"line":111,"column":4},"end":{"line":111,"column":51}},"42":{"start":{"line":114,"column":2},"end":{"line":136,"column":null}},"43":{"start":{"line":115,"column":4},"end":{"line":119,"column":null}},"44":{"start":{"line":116,"column":6},"end":{"line":118,"column":8}},"45":{"start":{"line":121,"column":19},"end":{"line":124,"column":null}},"46":{"start":{"line":126,"column":19},"end":{"line":129,"column":null}},"47":{"start":{"line":132,"column":4},"end":{"line":135,"column":23}},"48":{"start":{"line":138,"column":27},"end":{"line":138,"column":38}},"49":{"start":{"line":139,"column":18},"end":{"line":146,"column":4}},"50":{"start":{"line":148,"column":19},"end":{"line":149,"column":null}},"51":{"start":{"line":149,"column":23},"end":{"line":149,"column":66}},"52":{"start":{"line":152,"column":16},"end":{"line":152,"column":62}},"53":{"start":{"line":152,"column":37},"end":{"line":152,"column":61}},"54":{"start":{"line":153,"column":2},"end":{"line":155,"column":null}},"55":{"start":{"line":154,"column":4},"end":{"line":154,"column":24}},"56":{"start":{"line":157,"column":2},"end":{"line":157,"column":48}},"57":{"start":{"line":101,"column":0},"end":{"line":101,"column":22}}},"fnMap":{"0":{"name":"getProjectType","decl":{"start":{"line":7,"column":22},"end":{"line":7,"column":36}},"loc":{"start":{"line":8,"column":21},"end":{"line":15,"column":null}}},"1":{"name":"getAliases","decl":{"start":{"line":17,"column":22},"end":{"line":17,"column":32}},"loc":{"start":{"line":18,"column":21},"end":{"line":55,"column":null}}},"2":{"name":"(anonymous_12)","decl":{"start":{"line":50,"column":12},"end":{"line":50,"column":13}},"loc":{"start":{"line":50,"column":19},"end":{"line":50,"column":51}}},"3":{"name":"getDependencies","decl":{"start":{"line":57,"column":22},"end":{"line":57,"column":37}},"loc":{"start":{"line":58,"column":21},"end":{"line":70,"column":null}}},"4":{"name":"getPeerDependencies","decl":{"start":{"line":72,"column":22},"end":{"line":72,"column":41}},"loc":{"start":{"line":73,"column":21},"end":{"line":95,"column":null}}},"5":{"name":"isString","decl":{"start":{"line":97,"column":9},"end":{"line":97,"column":17}},"loc":{"start":{"line":97,"column":23},"end":{"line":99,"column":1}}},"6":{"name":"getEntry","decl":{"start":{"line":101,"column":22},"end":{"line":101,"column":30}},"loc":{"start":{"line":103,"column":18},"end":{"line":158,"column":null}}},"7":{"name":"(anonymous_20)","decl":{"start":{"line":149,"column":16},"end":{"line":149,"column":17}},"loc":{"start":{"line":149,"column":23},"end":{"line":149,"column":66}}},"8":{"name":"(anonymous_21)","decl":{"start":{"line":152,"column":30},"end":{"line":152,"column":31}},"loc":{"start":{"line":152,"column":37},"end":{"line":152,"column":61}}}},"branchMap":{"0":{"loc":{"start":{"line":10,"column":2},"end":{"line":12,"column":null}},"type":"if","locations":[{"start":{"line":10,"column":2},"end":{"line":12,"column":null}},{"start":{"line":10,"column":2},"end":{"line":12,"column":null}}]},"1":{"loc":{"start":{"line":31,"column":2},"end":{"line":37,"column":null}},"type":"if","locations":[{"start":{"line":31,"column":2},"end":{"line":37,"column":null}},{"start":{"line":31,"column":2},"end":{"line":37,"column":null}}]},"2":{"loc":{"start":{"line":31,"column":29},"end":{"line":31,"column":31}},"type":"cond-expr","locations":[{"start":{"line":31,"column":29},"end":{"line":31,"column":31}},{"start":{"line":31,"column":29},"end":{"line":31,"column":40}}]},"3":{"loc":{"start":{"line":31,"column":2},"end":{"line":31,"column":31}},"type":"binary-expr","locations":[{"start":{"line":31,"column":2},"end":{"line":31,"column":31}},{"start":{"line":31,"column":29},"end":{"line":31,"column":31}}]},"4":{"loc":{"start":{"line":31,"column":17},"end":{"line":31,"column":19}},"type":"cond-expr","locations":[{"start":{"line":31,"column":17},"end":{"line":31,"column":19}},{"start":{"line":31,"column":6},"end":{"line":31,"column":29}}]},"5":{"loc":{"start":{"line":31,"column":6},"end":{"line":31,"column":19}},"type":"binary-expr","locations":[{"start":{"line":31,"column":6},"end":{"line":31,"column":19}},{"start":{"line":31,"column":6},"end":{"line":31,"column":19}}]},"6":{"loc":{"start":{"line":40,"column":2},"end":{"line":52,"column":null}},"type":"if","locations":[{"start":{"line":40,"column":2},"end":{"line":52,"column":null}},{"start":{"line":40,"column":2},"end":{"line":52,"column":null}}]},"7":{"loc":{"start":{"line":40,"column":31},"end":{"line":40,"column":33}},"type":"cond-expr","locations":[{"start":{"line":40,"column":31},"end":{"line":40,"column":33}},{"start":{"line":40,"column":31},"end":{"line":40,"column":38}}]},"8":{"loc":{"start":{"line":40,"column":2},"end":{"line":40,"column":33}},"type":"binary-expr","locations":[{"start":{"line":40,"column":2},"end":{"line":40,"column":33}},{"start":{"line":40,"column":31},"end":{"line":40,"column":33}}]},"9":{"loc":{"start":{"line":40,"column":14},"end":{"line":40,"column":16}},"type":"cond-expr","locations":[{"start":{"line":40,"column":14},"end":{"line":40,"column":16}},{"start":{"line":40,"column":6},"end":{"line":40,"column":31}}]},"10":{"loc":{"start":{"line":40,"column":6},"end":{"line":40,"column":16}},"type":"binary-expr","locations":[{"start":{"line":40,"column":6},"end":{"line":40,"column":16}},{"start":{"line":40,"column":6},"end":{"line":40,"column":16}}]},"11":{"loc":{"start":{"line":41,"column":35},"end":{"line":41,"column":67}},"type":"binary-expr","locations":[{"start":{"line":41,"column":35},"end":{"line":41,"column":67}},{"start":{"line":41,"column":71},"end":{"line":41,"column":74}}]},"12":{"loc":{"start":{"line":65,"column":2},"end":{"line":67,"column":null}},"type":"if","locations":[{"start":{"line":65,"column":2},"end":{"line":67,"column":null}},{"start":{"line":65,"column":2},"end":{"line":67,"column":null}}]},"13":{"loc":{"start":{"line":69,"column":9},"end":{"line":69,"column":33}},"type":"binary-expr","locations":[{"start":{"line":69,"column":9},"end":{"line":69,"column":33}},{"start":{"line":69,"column":37},"end":{"line":69,"column":39}}]},"14":{"loc":{"start":{"line":80,"column":2},"end":{"line":82,"column":null}},"type":"if","locations":[{"start":{"line":80,"column":2},"end":{"line":82,"column":null}},{"start":{"line":80,"column":2},"end":{"line":82,"column":null}}]},"15":{"loc":{"start":{"line":86,"column":32},"end":{"line":86,"column":56}},"type":"binary-expr","locations":[{"start":{"line":86,"column":32},"end":{"line":86,"column":56}},{"start":{"line":86,"column":60},"end":{"line":86,"column":62}}]},"16":{"loc":{"start":{"line":91,"column":40},"end":{"line":91,"column":42}},"type":"cond-expr","locations":[{"start":{"line":91,"column":40},"end":{"line":91,"column":42}},{"start":{"line":91,"column":36},"end":{"line":91,"column":58}}]},"17":{"loc":{"start":{"line":91,"column":36},"end":{"line":91,"column":42}},"type":"binary-expr","locations":[{"start":{"line":91,"column":36},"end":{"line":91,"column":42}},{"start":{"line":91,"column":36},"end":{"line":91,"column":42}}]},"18":{"loc":{"start":{"line":110,"column":2},"end":{"line":112,"column":null}},"type":"if","locations":[{"start":{"line":110,"column":2},"end":{"line":112,"column":null}},{"start":{"line":110,"column":2},"end":{"line":112,"column":null}}]},"19":{"loc":{"start":{"line":114,"column":2},"end":{"line":136,"column":null}},"type":"if","locations":[{"start":{"line":114,"column":2},"end":{"line":136,"column":null}},{"start":{"line":114,"column":2},"end":{"line":136,"column":null}}]},"20":{"loc":{"start":{"line":115,"column":4},"end":{"line":119,"column":null}},"type":"if","locations":[{"start":{"line":115,"column":4},"end":{"line":119,"column":null}},{"start":{"line":115,"column":4},"end":{"line":119,"column":null}}]},"21":{"loc":{"start":{"line":115,"column":27},"end":{"line":115,"column":29}},"type":"cond-expr","locations":[{"start":{"line":115,"column":27},"end":{"line":115,"column":29}},{"start":{"line":115,"column":27},"end":{"line":115,"column":39}}]},"22":{"loc":{"start":{"line":115,"column":8},"end":{"line":115,"column":29}},"type":"binary-expr","locations":[{"start":{"line":115,"column":8},"end":{"line":115,"column":29}},{"start":{"line":115,"column":27},"end":{"line":115,"column":29}}]},"23":{"loc":{"start":{"line":133,"column":6},"end":{"line":133,"column":34}},"type":"binary-expr","locations":[{"start":{"line":133,"column":6},"end":{"line":133,"column":34}},{"start":{"line":133,"column":38},"end":{"line":133,"column":49}}]},"24":{"loc":{"start":{"line":134,"column":6},"end":{"line":134,"column":34}},"type":"binary-expr","locations":[{"start":{"line":134,"column":6},"end":{"line":134,"column":34}},{"start":{"line":134,"column":38},"end":{"line":134,"column":49}}]},"25":{"loc":{"start":{"line":153,"column":2},"end":{"line":155,"column":null}},"type":"if","locations":[{"start":{"line":153,"column":2},"end":{"line":155,"column":null}},{"start":{"line":153,"column":2},"end":{"line":155,"column":null}}]}},"s":{"0":0,"1":0,"2":0,"3":0,"4":0,"5":0,"6":0,"7":0,"8":0,"9":0,"10":0,"11":0,"12":0,"13":0,"14":0,"15":0,"16":0,"17":0,"18":0,"19":0,"20":0,"21":0,"22":0,"23":0,"24":0,"25":0,"26":0,"27":0,"28":0,"29":0,"30":0,"31":0,"32":0,"33":0,"34":0,"35":0,"36":0,"37":0,"38":0,"39":0,"40":0,"41":0,"42":0,"43":0,"44":0,"45":0,"46":0,"47":0,"48":0,"49":0,"50":0,"51":0,"52":0,"53":0,"54":0,"55":0,"56":0,"57":0},"f":{"0":0,"1":0,"2":0,"3":0,"4":0,"5":0,"6":0,"7":0,"8":0},"b":{"0":[0,0],"1":[0,0],"2":[0,0],"3":[0,0],"4":[0,0],"5":[0,0],"6":[0,0],"7":[0,0],"8":[0,0],"9":[0,0],"10":[0,0],"11":[0,0],"12":[0,0],"13":[0,0],"14":[0,0],"15":[0,0],"16":[0,0],"17":[0,0],"18":[0,0],"19":[0,0],"20":[0,0],"21":[0,0],"22":[0,0],"23":[0,0],"24":[0,0],"25":[0,0]}}
,"/Users/jacobevans/coding-projects/OSS/unimported/src/print.ts": {"path":"/Users/jacobevans/coding-projects/OSS/unimported/src/print.ts","statementMap":{"0":{"start":{"line":1,"column":0},"end":{"line":1,"column":33}},"1":{"start":{"line":2,"column":0},"end":{"line":2,"column":26}},"2":{"start":{"line":6,"column":20},"end":{"line":6,"column":30}},"3":{"start":{"line":9,"column":22},"end":{"line":9,"column":69}},"4":{"start":{"line":10,"column":19},"end":{"line":10,"column":44}},"5":{"start":{"line":12,"column":16},"end":{"line":22,"column":4}},"6":{"start":{"line":18,"column":8},"end":{"line":19,"column":25}},"7":{"start":{"line":24,"column":2},"end":{"line":24,"column":35}},"8":{"start":{"line":8,"column":0},"end":{"line":8,"column":16}},"9":{"start":{"line":32,"column":18},"end":{"line":41,"column":26}},"10":{"start":{"line":33,"column":55},"end":{"line":36,"column":6}},"11":{"start":{"line":43,"column":16},"end":{"line":43,"column":29}},"12":{"start":{"line":44,"column":16},"end":{"line":44,"column":79}},"13":{"start":{"line":44,"column":46},"end":{"line":44,"column":75}},"14":{"start":{"line":46,"column":18},"end":{"line":46,"column":49}},"15":{"start":{"line":48,"column":16},"end":{"line":57,"column":4}},"16":{"start":{"line":54,"column":6},"end":{"line":54,"column":79}},"17":{"start":{"line":55,"column":6},"end":{"line":55,"column":17}},"18":{"start":{"line":59,"column":2},"end":{"line":59,"column":35}},"19":{"start":{"line":27,"column":0},"end":{"line":27,"column":16}},"20":{"start":{"line":63,"column":2},"end":{"line":69,"column":null}},"21":{"start":{"line":64,"column":4},"end":{"line":67,"column":6}},"22":{"start":{"line":68,"column":4},"end":{"line":68,"column":11}},"23":{"start":{"line":71,"column":45},"end":{"line":71,"column":51}},"24":{"start":{"line":74,"column":2},"end":{"line":80,"column":4}},"25":{"start":{"line":82,"column":2},"end":{"line":89,"column":null}},"26":{"start":{"line":83,"column":4},"end":{"line":88,"column":6}},"27":{"start":{"line":91,"column":2},"end":{"line":98,"column":null}},"28":{"start":{"line":92,"column":4},"end":{"line":97,"column":6}},"29":{"start":{"line":100,"column":2},"end":{"line":107,"column":null}},"30":{"start":{"line":101,"column":4},"end":{"line":106,"column":6}},"31":{"start":{"line":109,"column":2},"end":{"line":113,"column":4}},"32":{"start":{"line":62,"column":0},"end":{"line":62,"column":16}}},"fnMap":{"0":{"name":"formatList","decl":{"start":{"line":8,"column":16},"end":{"line":8,"column":26}},"loc":{"start":{"line":8,"column":61},"end":{"line":25,"column":1}}},"1":{"name":"(anonymous_2)","decl":{"start":{"line":17,"column":6},"end":{"line":17,"column":7}},"loc":{"start":{"line":18,"column":8},"end":{"line":19,"column":25}}},"2":{"name":"formatMetaTable","decl":{"start":{"line":27,"column":16},"end":{"line":27,"column":31}},"loc":{"start":{"line":30,"column":18},"end":{"line":60,"column":1}}},"3":{"name":"(anonymous_4)","decl":{"start":{"line":33,"column":43},"end":{"line":33,"column":44}},"loc":{"start":{"line":33,"column":55},"end":{"line":36,"column":6}}},"4":{"name":"(anonymous_5)","decl":{"start":{"line":44,"column":31},"end":{"line":44,"column":32}},"loc":{"start":{"line":44,"column":46},"end":{"line":44,"column":75}}},"5":{"name":"(anonymous_6)","decl":{"start":{"line":53,"column":32},"end":{"line":53,"column":33}},"loc":{"start":{"line":53,"column":56},"end":{"line":56,"column":5}}},"6":{"name":"printResults","decl":{"start":{"line":62,"column":16},"end":{"line":62,"column":28}},"loc":{"start":{"line":62,"column":70},"end":{"line":114,"column":1}}}},"branchMap":{"0":{"loc":{"start":{"line":34,"column":47},"end":{"line":34,"column":54}},"type":"cond-expr","locations":[{"start":{"line":34,"column":47},"end":{"line":34,"column":54}},{"start":{"line":34,"column":57},"end":{"line":34,"column":59}}]},"1":{"loc":{"start":{"line":54,"column":23},"end":{"line":54,"column":72}},"type":"cond-expr","locations":[{"start":{"line":54,"column":23},"end":{"line":54,"column":72}},{"start":{"line":54,"column":75},"end":{"line":54,"column":77}}]},"2":{"loc":{"start":{"line":63,"column":2},"end":{"line":69,"column":null}},"type":"if","locations":[{"start":{"line":63,"column":2},"end":{"line":69,"column":null}},{"start":{"line":63,"column":2},"end":{"line":69,"column":null}}]},"3":{"loc":{"start":{"line":82,"column":2},"end":{"line":89,"column":null}},"type":"if","locations":[{"start":{"line":82,"column":2},"end":{"line":89,"column":null}},{"start":{"line":82,"column":2},"end":{"line":89,"column":null}}]},"4":{"loc":{"start":{"line":91,"column":2},"end":{"line":98,"column":null}},"type":"if","locations":[{"start":{"line":91,"column":2},"end":{"line":98,"column":null}},{"start":{"line":91,"column":2},"end":{"line":98,"column":null}}]},"5":{"loc":{"start":{"line":100,"column":2},"end":{"line":107,"column":null}},"type":"if","locations":[{"start":{"line":100,"column":2},"end":{"line":107,"column":null}},{"start":{"line":100,"column":2},"end":{"line":107,"column":null}}]}},"s":{"0":1,"1":1,"2":1,"3":3,"4":3,"5":3,"6":9,"7":3,"8":1,"9":1,"10":1,"11":1,"12":1,"13":5,"14":1,"15":1,"16":5,"17":5,"18":1,"19":1,"20":2,"21":1,"22":1,"23":1,"24":1,"25":1,"26":1,"27":1,"28":1,"29":1,"30":1,"31":1,"32":1},"f":{"0":3,"1":9,"2":1,"3":1,"4":5,"5":5,"6":2},"b":{"0":[0,1],"1":[4,1],"2":[1,1],"3":[1,0],"4":[1,0],"5":[1,0]}}
,"/Users/jacobevans/coding-projects/OSS/unimported/src/process.ts": {"path":"/Users/jacobevans/coding-projects/OSS/unimported/src/process.ts","statementMap":{"0":{"start":{"line":12,"column":2},"end":{"line":15,"column":9}},"1":{"start":{"line":13,"column":4},"end":{"line":13,"column":20}},"2":{"start":{"line":14,"column":4},"end":{"line":14,"column":15}},"3":{"start":{"line":23,"column":30},"end":{"line":23,"column":68}},"4":{"start":{"line":24,"column":26},"end":{"line":24,"column":60}},"5":{"start":{"line":25,"column":30},"end":{"line":25,"column":68}},"6":{"start":{"line":27,"column":21},"end":{"line":28,"column":null}},"7":{"start":{"line":28,"column":11},"end":{"line":28,"column":34}},"8":{"start":{"line":31,"column":17},"end":{"line":35,"column":null}},"9":{"start":{"line":33,"column":6},"end":{"line":35,"column":25}},"10":{"start":{"line":38,"column":21},"end":{"line":41,"column":43}},"11":{"start":{"line":39,"column":19},"end":{"line":39,"column":47}},"12":{"start":{"line":40,"column":16},"end":{"line":40,"column":48}},"13":{"start":{"line":41,"column":19},"end":{"line":41,"column":42}},"14":{"start":{"line":43,"column":2},"end":{"line":48,"column":4}},"15":{"start":{"line":18,"column":0},"end":{"line":18,"column":22}}},"fnMap":{"0":{"name":"index","decl":{"start":{"line":11,"column":9},"end":{"line":11,"column":14}},"loc":{"start":{"line":11,"column":30},"end":{"line":16,"column":1}}},"1":{"name":"(anonymous_8)","decl":{"start":{"line":12,"column":22},"end":{"line":12,"column":23}},"loc":{"start":{"line":12,"column":35},"end":{"line":15,"column":3}}},"2":{"name":"processResults","decl":{"start":{"line":18,"column":22},"end":{"line":18,"column":36}},"loc":{"start":{"line":21,"column":18},"end":{"line":49,"column":null}}},"3":{"name":"(anonymous_11)","decl":{"start":{"line":28,"column":4},"end":{"line":28,"column":5}},"loc":{"start":{"line":28,"column":11},"end":{"line":28,"column":34}}},"4":{"name":"(anonymous_12)","decl":{"start":{"line":32,"column":4},"end":{"line":32,"column":5}},"loc":{"start":{"line":33,"column":6},"end":{"line":35,"column":25}}},"5":{"name":"(anonymous_13)","decl":{"start":{"line":39,"column":12},"end":{"line":39,"column":13}},"loc":{"start":{"line":39,"column":19},"end":{"line":39,"column":47}}},"6":{"name":"(anonymous_14)","decl":{"start":{"line":40,"column":9},"end":{"line":40,"column":10}},"loc":{"start":{"line":40,"column":16},"end":{"line":40,"column":48}}},"7":{"name":"(anonymous_15)","decl":{"start":{"line":41,"column":12},"end":{"line":41,"column":13}},"loc":{"start":{"line":41,"column":19},"end":{"line":41,"column":42}}}},"branchMap":{"0":{"loc":{"start":{"line":33,"column":6},"end":{"line":33,"column":36}},"type":"binary-expr","locations":[{"start":{"line":33,"column":6},"end":{"line":33,"column":36}},{"start":{"line":34,"column":6},"end":{"line":34,"column":34}},{"start":{"line":35,"column":6},"end":{"line":35,"column":25}}]},"1":{"loc":{"start":{"line":47,"column":11},"end":{"line":47,"column":29}},"type":"binary-expr","locations":[{"start":{"line":47,"column":11},"end":{"line":47,"column":29}},{"start":{"line":47,"column":33},"end":{"line":47,"column":47}},{"start":{"line":47,"column":51},"end":{"line":47,"column":69}}]}},"s":{"0":0,"1":0,"2":0,"3":0,"4":0,"5":0,"6":0,"7":0,"8":0,"9":0,"10":0,"11":0,"12":0,"13":0,"14":0,"15":0},"f":{"0":0,"1":0,"2":0,"3":0,"4":0,"5":0,"6":0,"7":0},"b":{"0":[0,0,0],"1":[0,0,0]}}
,"/Users/jacobevans/coding-projects/OSS/unimported/src/traverse.ts": {"path":"/Users/jacobevans/coding-projects/OSS/unimported/src/traverse.ts","statementMap":{"0":{"start":{"line":1,"column":0},"end":{"line":1,"column":40}},"1":{"start":{"line":3,"column":0},"end":{"line":3,"column":null}},"2":{"start":{"line":8,"column":0},"end":{"line":8,"column":27}},"3":{"start":{"line":9,"column":0},"end":{"line":9,"column":52}},"4":{"start":{"line":14,"column":0},"end":{"line":14,"column":30}},"5":{"start":{"line":15,"column":0},"end":{"line":15,"column":26}},"6":{"start":{"line":16,"column":0},"end":{"line":16,"column":48}},"7":{"start":{"line":32,"column":2},"end":{"line":34,"column":null}},"8":{"start":{"line":33,"column":4},"end":{"line":33,"column":16}},"9":{"start":{"line":36,"column":30},"end":{"line":36,"column":45}},"10":{"start":{"line":37,"column":15},"end":{"line":37,"column":69}},"11":{"start":{"line":39,"column":2},"end":{"line":41,"column":null}},"12":{"start":{"line":40,"column":4},"end":{"line":40,"column":16}},"13":{"start":{"line":43,"column":2},"end":{"line":45,"column":null}},"14":{"start":{"line":44,"column":4},"end":{"line":44,"column":28}},"15":{"start":{"line":47,"column":2},"end":{"line":47,"column":14}},"16":{"start":{"line":70,"column":25},"end":{"line":70,"column":57}},"17":{"start":{"line":72,"column":2},"end":{"line":78,"column":null}},"18":{"start":{"line":73,"column":4},"end":{"line":77,"column":6}},"19":{"start":{"line":80,"column":2},"end":{"line":91,"column":16}},"20":{"start":{"line":81,"column":4},"end":{"line":90,"column":6}},"21":{"start":{"line":93,"column":18},"end":{"line":94,"column":null}},"22":{"start":{"line":94,"column":4},"end":{"line":94,"column":26}},"23":{"start":{"line":97,"column":2},"end":{"line":112,"column":null}},"24":{"start":{"line":98,"column":4},"end":{"line":111,"column":null}},"25":{"start":{"line":99,"column":6},"end":{"line":110,"column":20}},"26":{"start":{"line":100,"column":8},"end":{"line":109,"column":10}},"27":{"start":{"line":116,"column":2},"end":{"line":127,"column":16}},"28":{"start":{"line":117,"column":4},"end":{"line":126,"column":6}},"29":{"start":{"line":130,"column":2},"end":{"line":133,"column":4}},"30":{"start":{"line":65,"column":0},"end":{"line":65,"column":16}},"31":{"start":{"line":137,"column":27},"end":{"line":142,"column":4}},"32":{"start":{"line":147,"column":13},"end":{"line":147,"column":36}},"33":{"start":{"line":151,"column":2},"end":{"line":151,"column":54}},"34":{"start":{"line":153,"column":14},"end":{"line":156,"column":4}},"35":{"start":{"line":158,"column":2},"end":{"line":206,"column":5}},"36":{"start":{"line":162,"column":6},"end":{"line":199,"column":null}},"37":{"start":{"line":165,"column":10},"end":{"line":167,"column":null}},"38":{"start":{"line":166,"column":12},"end":{"line":166,"column":18}},"39":{"start":{"line":168,"column":10},"end":{"line":168,"column":60}},"40":{"start":{"line":169,"column":10},"end":{"line":169,"column":16}},"41":{"start":{"line":173,"column":10},"end":{"line":175,"column":null}},"42":{"start":{"line":174,"column":12},"end":{"line":174,"column":18}},"43":{"start":{"line":176,"column":10},"end":{"line":176,"column":60}},"44":{"start":{"line":177,"column":10},"end":{"line":177,"column":16}},"45":{"start":{"line":181,"column":10},"end":{"line":183,"column":null}},"46":{"start":{"line":182,"column":12},"end":{"line":182,"column":18}},"47":{"start":{"line":185,"column":10},"end":{"line":185,"column":60}},"48":{"start":{"line":186,"column":10},"end":{"line":186,"column":16}},"49":{"start":{"line":190,"column":10},"end":{"line":195,"column":null}},"50":{"start":{"line":194,"column":12},"end":{"line":194,"column":18}},"51":{"start":{"line":196,"column":10},"end":{"line":196,"column":56}},"52":{"start":{"line":197,"column":10},"end":{"line":197,"column":16}},"53":{"start":{"line":201,"column":6},"end":{"line":204,"column":null}},"54":{"start":{"line":202,"column":25},"end":{"line":202,"column":70}},"55":{"start":{"line":203,"column":8},"end":{"line":203,"column":37}},"56":{"start":{"line":208,"column":2},"end":{"line":208,"column":15}},"57":{"start":{"line":211,"column":24},"end":{"line":215,"column":2}},"58":{"start":{"line":211,"column":31},"end":{"line":215,"column":2}},"59":{"start":{"line":222,"column":2},"end":{"line":225,"column":null}},"60":{"start":{"line":223,"column":4},"end":{"line":223,"column":69}},"61":{"start":{"line":223,"column":38},"end":{"line":223,"column":66}},"62":{"start":{"line":224,"column":4},"end":{"line":224,"column":18}},"63":{"start":{"line":228,"column":2},"end":{"line":230,"column":null}},"64":{"start":{"line":229,"column":4},"end":{"line":229,"column":18}},"65":{"start":{"line":233,"column":2},"end":{"line":235,"column":null}},"66":{"start":{"line":234,"column":4},"end":{"line":234,"column":18}},"67":{"start":{"line":238,"column":2},"end":{"line":245,"column":null}},"68":{"start":{"line":239,"column":4},"end":{"line":239,"column":45}},"69":{"start":{"line":240,"column":4},"end":{"line":240,"column":40}},"70":{"start":{"line":242,"column":4},"end":{"line":242,"column":61}},"71":{"start":{"line":243,"column":4},"end":{"line":243,"column":19}},"72":{"start":{"line":244,"column":4},"end":{"line":244,"column":20}},"73":{"start":{"line":247,"column":2},"end":{"line":262,"column":null}},"74":{"start":{"line":248,"column":4},"end":{"line":261,"column":null}},"75":{"start":{"line":250,"column":8},"end":{"line":250,"column":38}},"76":{"start":{"line":251,"column":8},"end":{"line":251,"column":14}},"77":{"start":{"line":253,"column":8},"end":{"line":253,"column":41}},"78":{"start":{"line":254,"column":8},"end":{"line":254,"column":14}},"79":{"start":{"line":256,"column":8},"end":{"line":258,"column":null}},"80":{"start":{"line":257,"column":10},"end":{"line":257,"column":16}},"81":{"start":{"line":259,"column":8},"end":{"line":259,"column":51}},"82":{"start":{"line":260,"column":8},"end":{"line":260,"column":14}},"83":{"start":{"line":264,"column":2},"end":{"line":264,"column":16}},"84":{"start":{"line":217,"column":0},"end":{"line":217,"column":22}}},"fnMap":{"0":{"name":"getDependencyName","decl":{"start":{"line":31,"column":9},"end":{"line":31,"column":26}},"loc":{"start":{"line":31,"column":57},"end":{"line":48,"column":1}}},"1":{"name":"resolveImport","decl":{"start":{"line":65,"column":16},"end":{"line":65,"column":29}},"loc":{"start":{"line":68,"column":18},"end":{"line":134,"column":1}}},"2":{"name":"(anonymous_11)","decl":{"start":{"line":93,"column":54},"end":{"line":93,"column":55}},"loc":{"start":{"line":94,"column":4},"end":{"line":94,"column":26}}},"3":{"name":"parse","decl":{"start":{"line":136,"column":15},"end":{"line":136,"column":20}},"loc":{"start":{"line":136,"column":51},"end":{"line":209,"column":null}}},"4":{"name":"(anonymous_14)","decl":{"start":{"line":159,"column":4},"end":{"line":159,"column":9}},"loc":{"start":{"line":159,"column":29},"end":{"line":205,"column":5}}},"5":{"name":"(anonymous_15)","decl":{"start":{"line":211,"column":24},"end":{"line":211,"column":27}},"loc":{"start":{"line":211,"column":31},"end":{"line":215,"column":2}}},"6":{"name":"traverse","decl":{"start":{"line":217,"column":22},"end":{"line":217,"column":30}},"loc":{"start":{"line":220,"column":28},"end":{"line":265,"column":null}}},"7":{"name":"(anonymous_18)","decl":{"start":{"line":223,"column":31},"end":{"line":223,"column":32}},"loc":{"start":{"line":223,"column":38},"end":{"line":223,"column":66}}}},"branchMap":{"0":{"loc":{"start":{"line":32,"column":2},"end":{"line":34,"column":null}},"type":"if","locations":[{"start":{"line":32,"column":2},"end":{"line":34,"column":null}},{"start":{"line":32,"column":2},"end":{"line":34,"column":null}}]},"1":{"loc":{"start":{"line":32,"column":6},"end":{"line":32,"column":31}},"type":"binary-expr","locations":[{"start":{"line":32,"column":6},"end":{"line":32,"column":31}},{"start":{"line":32,"column":35},"end":{"line":32,"column":61}}]},"2":{"loc":{"start":{"line":37,"column":33},"end":{"line":37,"column":57}},"type":"cond-expr","locations":[{"start":{"line":37,"column":33},"end":{"line":37,"column":57}},{"start":{"line":37,"column":60},"end":{"line":37,"column":69}}]},"3":{"loc":{"start":{"line":39,"column":2},"end":{"line":41,"column":null}},"type":"if","locations":[{"start":{"line":39,"column":2},"end":{"line":41,"column":null}},{"start":{"line":39,"column":2},"end":{"line":41,"column":null}}]},"4":{"loc":{"start":{"line":43,"column":2},"end":{"line":45,"column":null}},"type":"if","locations":[{"start":{"line":43,"column":2},"end":{"line":45,"column":null}},{"start":{"line":43,"column":2},"end":{"line":45,"column":null}}]},"5":{"loc":{"start":{"line":72,"column":2},"end":{"line":78,"column":null}},"type":"if","locations":[{"start":{"line":72,"column":2},"end":{"line":78,"column":null}},{"start":{"line":72,"column":2},"end":{"line":78,"column":null}}]},"6":{"loc":{"start":{"line":164,"column":8},"end":{"line":169,"column":16}},"type":"switch","locations":[{"start":{"line":164,"column":8},"end":{"line":169,"column":16}},{"start":{"line":172,"column":8},"end":{"line":177,"column":16}},{"start":{"line":180,"column":8},"end":{"line":186,"column":16}},{"start":{"line":189,"column":8},"end":{"line":198,"column":null}}]},"7":{"loc":{"start":{"line":165,"column":10},"end":{"line":167,"column":null}},"type":"if","locations":[{"start":{"line":165,"column":10},"end":{"line":167,"column":null}},{"start":{"line":165,"column":10},"end":{"line":167,"column":null}}]},"8":{"loc":{"start":{"line":165,"column":14},"end":{"line":165,"column":26}},"type":"binary-expr","locations":[{"start":{"line":165,"column":14},"end":{"line":165,"column":26}},{"start":{"line":165,"column":30},"end":{"line":165,"column":61}}]},"9":{"loc":{"start":{"line":173,"column":10},"end":{"line":175,"column":null}},"type":"if","locations":[{"start":{"line":173,"column":10},"end":{"line":175,"column":null}},{"start":{"line":173,"column":10},"end":{"line":175,"column":null}}]},"10":{"loc":{"start":{"line":173,"column":14},"end":{"line":173,"column":26}},"type":"binary-expr","locations":[{"start":{"line":173,"column":14},"end":{"line":173,"column":26}},{"start":{"line":173,"column":30},"end":{"line":173,"column":61}}]},"11":{"loc":{"start":{"line":181,"column":10},"end":{"line":183,"column":null}},"type":"if","locations":[{"start":{"line":181,"column":10},"end":{"line":183,"column":null}},{"start":{"line":181,"column":10},"end":{"line":183,"column":null}}]},"12":{"loc":{"start":{"line":190,"column":10},"end":{"line":195,"column":null}},"type":"if","locations":[{"start":{"line":190,"column":10},"end":{"line":195,"column":null}},{"start":{"line":190,"column":10},"end":{"line":195,"column":null}}]},"13":{"loc":{"start":{"line":191,"column":12},"end":{"line":191,"column":41}},"type":"binary-expr","locations":[{"start":{"line":191,"column":12},"end":{"line":191,"column":41}},{"start":{"line":192,"column":12},"end":{"line":192,"column":59}}]},"14":{"loc":{"start":{"line":192,"column":39},"end":{"line":192,"column":41}},"type":"cond-expr","locations":[{"start":{"line":192,"column":39},"end":{"line":192,"column":41}},{"start":{"line":192,"column":39},"end":{"line":192,"column":45}}]},"15":{"loc":{"start":{"line":192,"column":12},"end":{"line":192,"column":41}},"type":"binary-expr","locations":[{"start":{"line":192,"column":12},"end":{"line":192,"column":41}},{"start":{"line":192,"column":39},"end":{"line":192,"column":41}}]},"16":{"loc":{"start":{"line":201,"column":6},"end":{"line":204,"column":null}},"type":"if","locations":[{"start":{"line":201,"column":6},"end":{"line":204,"column":null}},{"start":{"line":201,"column":6},"end":{"line":204,"column":null}}]},"17":{"loc":{"start":{"line":220,"column":11},"end":{"line":220,"column":28}},"type":"default-arg","locations":[{"start":{"line":220,"column":11},"end":{"line":220,"column":28}}]},"18":{"loc":{"start":{"line":222,"column":2},"end":{"line":225,"column":null}},"type":"if","locations":[{"start":{"line":222,"column":2},"end":{"line":225,"column":null}},{"start":{"line":222,"column":2},"end":{"line":225,"column":null}}]},"19":{"loc":{"start":{"line":228,"column":2},"end":{"line":230,"column":null}},"type":"if","locations":[{"start":{"line":228,"column":2},"end":{"line":230,"column":null}},{"start":{"line":228,"column":2},"end":{"line":230,"column":null}}]},"20":{"loc":{"start":{"line":233,"column":2},"end":{"line":235,"column":null}},"type":"if","locations":[{"start":{"line":233,"column":2},"end":{"line":235,"column":null}},{"start":{"line":233,"column":2},"end":{"line":235,"column":null}}]},"21":{"loc":{"start":{"line":249,"column":6},"end":{"line":251,"column":14}},"type":"switch","locations":[{"start":{"line":249,"column":6},"end":{"line":251,"column":14}},{"start":{"line":252,"column":6},"end":{"line":254,"column":14}},{"start":{"line":255,"column":6},"end":{"line":260,"column":14}}]},"22":{"loc":{"start":{"line":256,"column":8},"end":{"line":258,"column":null}},"type":"if","locations":[{"start":{"line":256,"column":8},"end":{"line":258,"column":null}},{"start":{"line":256,"column":8},"end":{"line":258,"column":null}}]}},"s":{"0":0,"1":0,"2":0,"3":0,"4":0,"5":0,"6":0,"7":0,"8":0,"9":0,"10":0,"11":0,"12":0,"13":0,"14":0,"15":0,"16":0,"17":0,"18":0,"19":0,"20":0,"21":0,"22":0,"23":0,"24":0,"25":0,"26":0,"27":0,"28":0,"29":0,"30":0,"31":0,"32":0,"33":0,"34":0,"35":0,"36":0,"37":0,"38":0,"39":0,"40":0,"41":0,"42":0,"43":0,"44":0,"45":0,"46":0,"47":0,"48":0,"49":0,"50":0,"51":0,"52":0,"53":0,"54":0,"55":0,"56":0,"57":0,"58":0,"59":0,"60":0,"61":0,"62":0,"63":0,"64":0,"65":0,"66":0,"67":0,"68":0,"69":0,"70":0,"71":0,"72":0,"73":0,"74":0,"75":0,"76":0,"77":0,"78":0,"79":0,"80":0,"81":0,"82":0,"83":0,"84":0},"f":{"0":0,"1":0,"2":0,"3":0,"4":0,"5":0,"6":0,"7":0},"b":{"0":[0,0],"1":[0,0],"2":[0,0],"3":[0,0],"4":[0,0],"5":[0,0],"6":[0,0,0,0],"7":[0,0],"8":[0,0],"9":[0,0],"10":[0,0],"11":[0,0],"12":[0,0],"13":[0,0],"14":[0,0],"15":[0,0],"16":[0,0],"17":[0],"18":[0,0],"19":[0,0],"20":[0,0],"21":[0,0,0],"22":[0,0]}}
}
