TN:
SF:src/config.ts
FN:16,getConfig
FN:30,sort
FN:36,merge
FN:40,writeConfig
FN:48,updateAllowLists
FNF:5
FNH:0
FNDA:0,getConfig
FNDA:0,sort
FNDA:0,merge
FNDA:0,writeConfig
FNDA:0,updateAllowLists
DA:2,0
DA:16,0
DA:18,0
DA:20,0
DA:31,0
DA:32,0
DA:33,0
DA:37,0
DA:40,0
DA:44,0
DA:45,0
DA:48,0
DA:52,0
DA:54,0
LF:14
LH:0
BRDA:18,0,0,0
BRDA:18,0,1,0
BRF:2
BRH:0
end_of_record
TN:
SF:src/ensureArray.ts
FN:1,ensureArray
FNF:1
FNH:1
FNDA:6,ensureArray
DA:1,1
DA:2,6
LF:2
LH:2
BRDA:2,0,0,3
BRDA:2,0,1,3
BRF:2
BRH:2
end_of_record
TN:
SF:src/fs.ts
FN:11,exists
FN:15,readText
FN:23,writeText
FN:35,readJson
FN:46,writeJson
FN:63,list
FN:72,(anonymous_21)
FNF:7
FNH:0
FNDA:0,exists
FNDA:0,readText
FNDA:0,writeText
FNDA:0,readJson
FNDA:0,writeJson
FNDA:0,list
FNDA:0,(anonymous_21)
DA:1,0
DA:2,0
DA:3,0
DA:4,0
DA:6,0
DA:7,0
DA:8,0
DA:9,0
DA:11,0
DA:12,0
DA:15,0
DA:16,0
DA:17,0
DA:19,0
DA:23,0
DA:28,0
DA:29,0
DA:31,0
DA:35,0
DA:39,0
DA:40,0
DA:42,0
DA:46,0
DA:51,0
DA:52,0
DA:53,0
DA:55,0
DA:63,0
DA:68,0
DA:71,0
DA:72,0
DA:75,0
LF:32
LH:0
BRDA:11,0,0,0
BRDA:15,1,0,0
BRDA:26,2,0,0
BRDA:37,3,0,0
BRDA:49,4,0,0
BRDA:64,5,0,0
BRDA:65,6,0,0
BRDA:66,7,0,0
BRDA:72,8,0,0
BRDA:72,8,1,0
BRF:10
BRH:0
end_of_record
TN:
SF:src/index.ts
FN:60,main
FN:175,(anonymous_11)
FN:194,(anonymous_12)
FNF:3
FNH:0
FNDA:0,main
FNDA:0,(anonymous_11)
FNDA:0,(anonymous_12)
DA:1,0
DA:3,0
DA:4,0
DA:5,0
DA:6,0
DA:7,0
DA:8,0
DA:9,0
DA:10,0
DA:12,0
DA:13,0
DA:61,0
DA:62,0
DA:64,0
DA:65,0
DA:66,0
DA:68,0
DA:75,0
DA:80,0
DA:81,0
DA:84,0
DA:86,0
DA:101,0
DA:117,0
DA:118,0
DA:119,0
DA:120,0
DA:124,0
DA:125,0
DA:126,0
DA:127,0
DA:130,0
DA:131,0
DA:132,0
DA:137,0
DA:138,0
DA:140,0
DA:142,0
DA:143,0
DA:145,0
DA:147,0
DA:152,0
DA:153,0
DA:156,0
DA:157,0
DA:158,0
DA:159,0
DA:169,0
DA:176,0
DA:182,0
DA:188,0
DA:195,0
LF:52
LH:0
BRDA:66,0,0,0
BRDA:66,0,1,0
BRDA:66,1,0,0
BRDA:66,1,1,0
BRDA:80,2,0,0
BRDA:80,2,1,0
BRDA:84,3,0,0
BRDA:84,3,1,0
BRDA:84,4,0,0
BRDA:84,4,1,0
BRDA:93,5,0,0
BRDA:93,5,1,0
BRDA:102,6,0,0
BRDA:102,6,1,0
BRDA:113,7,0,0
BRDA:113,7,1,0
BRDA:117,8,0,0
BRDA:117,8,1,0
BRDA:124,9,0,0
BRDA:124,9,1,0
BRDA:131,10,0,0
BRDA:131,10,1,0
BRDA:142,11,0,0
BRDA:142,11,1,0
BRDA:152,12,0,0
BRDA:152,12,1,0
BRF:26
BRH:0
end_of_record
TN:
SF:src/meta.ts
FN:7,getProjectType
FN:17,getAliases
FN:50,(anonymous_12)
FN:57,getDependencies
FN:72,getPeerDependencies
FN:97,isString
FN:101,getEntry
FN:149,(anonymous_20)
FN:152,(anonymous_21)
FNF:9
FNH:0
FNDA:0,getProjectType
FNDA:0,getAliases
FNDA:0,(anonymous_12)
FNDA:0,getDependencies
FNDA:0,getPeerDependencies
FNDA:0,isString
FNDA:0,getEntry
FNDA:0,(anonymous_20)
FNDA:0,(anonymous_21)
DA:1,0
DA:2,0
DA:3,0
DA:5,0
DA:7,0
DA:10,0
DA:11,0
DA:14,0
DA:17,0
DA:20,0
DA:25,0
DA:28,0
DA:31,0
DA:32,0
DA:33,0
DA:34,0
DA:35,0
DA:40,0
DA:41,0
DA:46,0
DA:47,0
DA:48,0
DA:50,0
DA:54,0
DA:57,0
DA:60,0
DA:65,0
DA:66,0
DA:69,0
DA:72,0
DA:75,0
DA:80,0
DA:81,0
DA:84,0
DA:86,0
DA:87,0
DA:91,0
DA:94,0
DA:98,0
DA:101,0
DA:105,0
DA:110,0
DA:111,0
DA:114,0
DA:115,0
DA:116,0
DA:121,0
DA:126,0
DA:132,0
DA:138,0
DA:139,0
DA:148,0
DA:149,0
DA:152,0
DA:153,0
DA:154,0
DA:157,0
LF:57
LH:0
BRDA:10,0,0,0
BRDA:10,0,1,0
BRDA:31,1,0,0
BRDA:31,1,1,0
BRDA:31,2,0,0
BRDA:31,2,1,0
BRDA:31,3,0,0
BRDA:31,3,1,0
BRDA:31,4,0,0
BRDA:31,4,1,0
BRDA:31,5,0,0
BRDA:31,5,1,0
BRDA:40,6,0,0
BRDA:40,6,1,0
BRDA:40,7,0,0
BRDA:40,7,1,0
BRDA:40,8,0,0
BRDA:40,8,1,0
BRDA:40,9,0,0
BRDA:40,9,1,0
BRDA:40,10,0,0
BRDA:40,10,1,0
BRDA:41,11,0,0
BRDA:41,11,1,0
BRDA:65,12,0,0
BRDA:65,12,1,0
BRDA:69,13,0,0
BRDA:69,13,1,0
BRDA:80,14,0,0
BRDA:80,14,1,0
BRDA:86,15,0,0
BRDA:86,15,1,0
BRDA:91,16,0,0
BRDA:91,16,1,0
BRDA:91,17,0,0
BRDA:91,17,1,0
BRDA:110,18,0,0
BRDA:110,18,1,0
BRDA:114,19,0,0
BRDA:114,19,1,0
BRDA:115,20,0,0
BRDA:115,20,1,0
BRDA:115,21,0,0
BRDA:115,21,1,0
BRDA:115,22,0,0
BRDA:115,22,1,0
BRDA:133,23,0,0
BRDA:133,23,1,0
BRDA:134,24,0,0
BRDA:134,24,1,0
BRDA:153,25,0,0
BRDA:153,25,1,0
BRF:52
BRH:0
end_of_record
TN:
SF:src/print.ts
FN:8,formatList
FN:17,(anonymous_2)
FN:27,formatMetaTable
FN:33,(anonymous_4)
FN:44,(anonymous_5)
FN:53,(anonymous_6)
FN:62,printResults
FNF:7
FNH:7
FNDA:3,formatList
FNDA:9,(anonymous_2)
FNDA:1,formatMetaTable
FNDA:1,(anonymous_4)
FNDA:5,(anonymous_5)
FNDA:5,(anonymous_6)
FNDA:2,printResults
DA:1,1
DA:2,1
DA:6,1
DA:8,1
DA:9,3
DA:10,3
DA:12,3
DA:18,9
DA:24,3
DA:27,1
DA:32,1
DA:33,1
DA:43,1
DA:44,5
DA:46,1
DA:48,1
DA:54,5
DA:55,5
DA:59,1
DA:62,1
DA:63,2
DA:64,1
DA:68,1
DA:71,1
DA:74,1
DA:82,1
DA:83,1
DA:91,1
DA:92,1
DA:100,1
DA:101,1
DA:109,1
LF:32
LH:32
BRDA:34,0,0,0
BRDA:34,0,1,1
BRDA:54,1,0,4
BRDA:54,1,1,1
BRDA:63,2,0,1
BRDA:63,2,1,1
BRDA:82,3,0,1
BRDA:82,3,1,0
BRDA:91,4,0,1
BRDA:91,4,1,0
BRDA:100,5,0,1
BRDA:100,5,1,0
BRF:12
BRH:8
end_of_record
TN:
SF:src/process.ts
FN:11,index
FN:12,(anonymous_8)
FN:18,processResults
FN:28,(anonymous_11)
FN:32,(anonymous_12)
FN:39,(anonymous_13)
FN:40,(anonymous_14)
FN:41,(anonymous_15)
FNF:8
FNH:0
FNDA:0,index
FNDA:0,(anonymous_8)
FNDA:0,processResults
FNDA:0,(anonymous_11)
FNDA:0,(anonymous_12)
FNDA:0,(anonymous_13)
FNDA:0,(anonymous_14)
FNDA:0,(anonymous_15)
DA:12,0
DA:13,0
DA:14,0
DA:18,0
DA:23,0
DA:24,0
DA:25,0
DA:27,0
DA:28,0
DA:31,0
DA:33,0
DA:38,0
DA:39,0
DA:40,0
DA:41,0
DA:43,0
LF:16
LH:0
BRDA:33,0,0,0
BRDA:33,0,1,0
BRDA:33,0,2,0
BRDA:47,1,0,0
BRDA:47,1,1,0
BRDA:47,1,2,0
BRF:6
BRH:0
end_of_record
TN:
SF:src/traverse.ts
FN:31,getDependencyName
FN:65,resolveImport
FN:93,(anonymous_11)
FN:136,parse
FN:159,(anonymous_14)
FN:211,(anonymous_15)
FN:217,traverse
FN:223,(anonymous_18)
FNF:8
FNH:0
FNDA:0,getDependencyName
FNDA:0,resolveImport
FNDA:0,(anonymous_11)
FNDA:0,parse
FNDA:0,(anonymous_14)
FNDA:0,(anonymous_15)
FNDA:0,traverse
FNDA:0,(anonymous_18)
DA:1,0
DA:3,0
DA:8,0
DA:9,0
DA:14,0
DA:15,0
DA:16,0
DA:32,0
DA:33,0
DA:36,0
DA:37,0
DA:39,0
DA:40,0
DA:43,0
DA:44,0
DA:47,0
DA:65,0
DA:70,0
DA:72,0
DA:73,0
DA:80,0
DA:81,0
DA:93,0
DA:94,0
DA:97,0
DA:98,0
DA:99,0
DA:100,0
DA:116,0
DA:117,0
DA:130,0
DA:137,0
DA:147,0
DA:151,0
DA:153,0
DA:158,0
DA:162,0
DA:165,0
DA:166,0
DA:168,0
DA:169,0
DA:173,0
DA:174,0
DA:176,0
DA:177,0
DA:181,0
DA:182,0
DA:185,0
DA:186,0
DA:190,0
DA:194,0
DA:196,0
DA:197,0
DA:201,0
DA:202,0
DA:203,0
DA:208,0
DA:211,0
DA:217,0
DA:222,0
DA:223,0
DA:224,0
DA:228,0
DA:229,0
DA:233,0
DA:234,0
DA:238,0
DA:239,0
DA:240,0
DA:242,0
DA:243,0
DA:244,0
DA:247,0
DA:248,0
DA:250,0
DA:251,0
DA:253,0
DA:254,0
DA:256,0
DA:257,0
DA:259,0
DA:260,0
DA:264,0
LF:83
LH:0
BRDA:32,0,0,0
BRDA:32,0,1,0
BRDA:32,1,0,0
BRDA:32,1,1,0
BRDA:37,2,0,0
BRDA:37,2,1,0
BRDA:39,3,0,0
BRDA:39,3,1,0
BRDA:43,4,0,0
BRDA:43,4,1,0
BRDA:72,5,0,0
BRDA:72,5,1,0
BRDA:164,6,0,0
BRDA:164,6,1,0
BRDA:164,6,2,0
BRDA:164,6,3,0
BRDA:165,7,0,0
BRDA:165,7,1,0
BRDA:165,8,0,0
BRDA:165,8,1,0
BRDA:173,9,0,0
BRDA:173,9,1,0
BRDA:173,10,0,0
BRDA:173,10,1,0
BRDA:181,11,0,0
BRDA:181,11,1,0
BRDA:190,12,0,0
BRDA:190,12,1,0
BRDA:191,13,0,0
BRDA:191,13,1,0
BRDA:192,14,0,0
BRDA:192,14,1,0
BRDA:192,15,0,0
BRDA:192,15,1,0
BRDA:201,16,0,0
BRDA:201,16,1,0
BRDA:220,17,0,0
BRDA:222,18,0,0
BRDA:222,18,1,0
BRDA:228,19,0,0
BRDA:228,19,1,0
BRDA:233,20,0,0
BRDA:233,20,1,0
BRDA:249,21,0,0
BRDA:249,21,1,0
BRDA:249,21,2,0
BRDA:256,22,0,0
BRDA:256,22,1,0
BRF:48
BRH:0
end_of_record
